[debug] [2021-01-28T21:57:59.329Z] ----------------------------------------------------------------------
[debug] [2021-01-28T21:57:59.331Z] Command:       /usr/local/bin/node /usr/local/bin/firebase init
[debug] [2021-01-28T21:57:59.332Z] CLI Version:   9.2.2
[debug] [2021-01-28T21:57:59.332Z] Platform:      darwin
[debug] [2021-01-28T21:57:59.332Z] Node Version:  v14.15.4
[debug] [2021-01-28T21:57:59.333Z] Time:          Thu Jan 28 2021 22:57:59 GMT+0100 (West Africa Standard Time)
[debug] [2021-01-28T21:57:59.333Z] ----------------------------------------------------------------------
[debug] [2021-01-28T21:57:59.333Z] 
[debug] [2021-01-28T21:57:59.338Z] > command requires scopes: ["email","openid","https://www.googleapis.com/auth/cloudplatformprojects.readonly","https://www.googleapis.com/auth/firebase","https://www.googleapis.com/auth/cloud-platform"]
[debug] [2021-01-28T21:57:59.338Z] > authorizing via signed-in user
[info] 
     ######## #### ########  ######## ########     ###     ######  ########
     ##        ##  ##     ## ##       ##     ##  ##   ##  ##       ##
     ######    ##  ########  ######   ########  #########  ######  ######
     ##        ##  ##    ##  ##       ##     ## ##     ##       ## ##
     ##       #### ##     ## ######## ########  ##     ##  ######  ########

You're about to initialize a Firebase project in this directory:

  /Users/mac/Desktop/Devs/MERN/asbfrontend

[info] 
=== Project Setup
[info] 
[info] First, let's associate this project directory with a Firebase project.
[info] You can create multiple project aliases by running firebase use --add, 
[info] but for now we'll just set up a default project.
[info] 
[debug] [2021-01-28T21:58:28.559Z] >>> [apiv2][query] GET https://firebase.googleapis.com/v1beta1/projects pageSize=100
[debug] [2021-01-28T21:58:29.462Z] <<< [apiv2][status] GET https://firebase.googleapis.com/v1beta1/projects 200
[debug] [2021-01-28T21:58:29.462Z] <<< [apiv2][body] GET https://firebase.googleapis.com/v1beta1/projects [omitted]
[info] i  Using project asbdashboard (asbdashboard) 
[info] 
=== Hosting Setup
[info] 
[info] Your public directory is the folder (relative to your project directory) that
[info] will contain Hosting assets to be uploaded with firebase deploy. If you
[info] have a build process for your assets, use your build's output directory.
[info] 
[debug] [2021-01-28T21:58:56.012Z] >>> [apiv2][query] GET https://www.gstatic.com/firebasejs/releases.json [none]
[debug] [2021-01-28T21:58:56.590Z] <<< [apiv2][status] GET https://www.gstatic.com/firebasejs/releases.json 200
[debug] [2021-01-28T21:58:56.590Z] <<< [apiv2][body] GET https://www.gstatic.com/firebasejs/releases.json {"current":{"version":"8.2.4","browserURL":"https://www.gstatic.com/firebasejs/8.2.4/firebase.js","packageURL":"https://www.gstatic.com/firebasejs/8.2.4/firebase.tgz"},"live":{"version":"8.2","browserURL":"https://www.gstatic.com/firebasejs/live/8.2/firebase.js","packageURL":"https://www.gstatic.com/firebasejs/live/8.2/firebase.tgz"},"components":{"analytics":"https://www.gstatic.com/firebasejs/8.2.4/firebase-analytics.js","app":"https://www.gstatic.com/firebasejs/8.2.4/firebase-app.js","auth":"https://www.gstatic.com/firebasejs/8.2.4/firebase-auth.js","database":"https://www.gstatic.com/firebasejs/8.2.4/firebase-database.js","firestore":"https://www.gstatic.com/firebasejs/8.2.4/firebase-firestore.js","functions":"https://www.gstatic.com/firebasejs/8.2.4/firebase-functions.js","installations":"https://www.gstatic.com/firebasejs/8.2.4/firebase-installations.js","messaging":"https://www.gstatic.com/firebasejs/8.2.4/firebase-messaging.js","storage":"https://www.gstatic.com/firebasejs/8.2.4/firebase-storage.js","performance":"https://www.gstatic.com/firebasejs/8.2.4/firebase-performance.js","remote-config":"https://www.gstatic.com/firebasejs/8.2.4/firebase-remote-config.js","firestore.memory":"https://www.gstatic.com/firebasejs/8.2.4/firebase-firestore.memory.js"}}
[info] ✔  Wrote build/index.html 
[info] 
[info] i  Detected a .git folder at /Users/mac/Desktop/Devs/MERN/asbfrontend 
[info] i  Authorizing with GitHub to upload your service account to a GitHub repository's secrets store. 
[info] 
[info] Visit this URL on this device to log in:
[info] https://github.com/login/oauth/authorize?client_id=89cf50f02ac6aaed3484&state=409461393&redirect_uri=http%3A%2F%2Flocalhost%3A9005&scope=read%3Auser%20repo%20public_repo
[info] 
[info] Waiting for authentication...
[debug] [2021-01-28T21:59:26.936Z] >>> HTTP REQUEST POST https://github.com/login/oauth/access_token  
 {"client_id":"89cf50f02ac6aaed3484","client_secret":"3330d14abc895d9a74d5f17cd7a00711fa2c5bf0","code":"8266493adba703dc9131","redirect_uri":"http://localhost:9005","state":"409461393"}
[debug] [2021-01-28T21:59:27.598Z] <<< HTTP RESPONSE 200 {"date":"Thu, 28 Jan 2021 21:59:27 GMT","content-type":"application/json; charset=utf-8","transfer-encoding":"chunked","server":"GitHub.com","status":"200 OK","vary":"X-PJAX, Accept-Encoding, Accept, X-Requested-With, Accept-Encoding","etag":"W/\"c313faf1a651df52fa221f4eea70c3c2\"","cache-control":"max-age=0, private, must-revalidate","strict-transport-security":"max-age=31536000; includeSubdomains; preload","x-frame-options":"deny","x-content-type-options":"nosniff","x-xss-protection":"1; mode=block","referrer-policy":"origin-when-cross-origin, strict-origin-when-cross-origin","expect-ct":"max-age=2592000, report-uri=\"https://api.github.com/_private/browser/errors\"","content-security-policy":"default-src 'none'; base-uri 'self'; block-all-mixed-content; connect-src 'self' uploads.github.com www.githubstatus.com collector.githubapp.com api.github.com github-cloud.s3.amazonaws.com github-production-repository-file-5c1aeb.s3.amazonaws.com github-production-upload-manifest-file-7fdce7.s3.amazonaws.com github-production-user-asset-6210df.s3.amazonaws.com cdn.optimizely.com logx.optimizely.com/v1/events wss://alive.github.com; font-src github.githubassets.com; form-action 'self' github.com gist.github.com; frame-ancestors 'none'; frame-src render.githubusercontent.com; img-src 'self' data: github.githubassets.com identicons.github.com collector.githubapp.com github-cloud.s3.amazonaws.com *.githubusercontent.com; manifest-src 'self'; media-src 'none'; script-src github.githubassets.com; style-src 'unsafe-inline' github.githubassets.com; worker-src github.com/socket-worker-5029ae85.js gist.github.com/socket-worker-5029ae85.js","x-github-request-id":"C462:11A1C:644B4:80311:601333BF"}
[debug] [2021-01-28T21:59:27.599Z] >>> [apiv2][query] GET https://api.github.com/user [none]
[debug] [2021-01-28T21:59:28.299Z] <<< [apiv2][status] GET https://api.github.com/user 200
[debug] [2021-01-28T21:59:28.300Z] <<< [apiv2][body] GET https://api.github.com/user {"login":"ifeanyidike","id":21348327,"node_id":"MDQ6VXNlcjIxMzQ4MzI3","avatar_url":"https://avatars.githubusercontent.com/u/21348327?v=4","gravatar_id":"","url":"https://api.github.com/users/ifeanyidike","html_url":"https://github.com/ifeanyidike","followers_url":"https://api.github.com/users/ifeanyidike/followers","following_url":"https://api.github.com/users/ifeanyidike/following{/other_user}","gists_url":"https://api.github.com/users/ifeanyidike/gists{/gist_id}","starred_url":"https://api.github.com/users/ifeanyidike/starred{/owner}{/repo}","subscriptions_url":"https://api.github.com/users/ifeanyidike/subscriptions","organizations_url":"https://api.github.com/users/ifeanyidike/orgs","repos_url":"https://api.github.com/users/ifeanyidike/repos","events_url":"https://api.github.com/users/ifeanyidike/events{/privacy}","received_events_url":"https://api.github.com/users/ifeanyidike/received_events","type":"User","site_admin":false,"name":"Ifeanyi Dike","company":null,"blog":"http://ifeanyidesmonddike.web.app/","location":"Abuja, Nigeria","email":null,"hireable":true,"bio":"Full-stack software engineer looking for React, React Native, and Node.js opportunities.","twitter_username":"ifeanyidike87","public_repos":24,"public_gists":5,"followers":1,"following":1,"created_at":"2016-08-30T22:23:00Z","updated_at":"2021-01-28T21:59:26Z","private_gists":0,"total_private_repos":0,"owned_private_repos":0,"disk_usage":33796,"collaborators":0,"two_factor_authentication":false,"plan":{"name":"free","space":976562499,"collaborators":0,"private_repos":10000}}
[info] 
[info] ✔  Success! Logged into GitHub as ifeanyidike 
[info] 
